pelcrexamples
pelcrexamples -> pelcrexamples -> pelcrexamples
USER TYPE Size: 64 bit
(9) EVAL
pelcrexamples
pelcrexamples -> pelcrexamples -> pelcrexamples
USER TYPE Size: 64 bit
(15) EVAL
pelcrexamples
pelcrexamples -> pelcrexamples -> pelcrexamples
USER TYPE Size: 64 bit
pelcrexamples
pelcrexamples -> pelcrexamples -> pelcrexamples
USER TYPE Size: 64 bit
(1) EVAL
pelcrexamples
pelcrexamples -> pelcrexamples -> pelcrexamples
USER TYPE Size: 64 bit
(2) EVAL
pelcrexamples
pelcrexamples -> pelcrexamples -> pelcrexamples
USER TYPE Size: 64 bit
(5) EVAL
pelcrexamples
pelcrexamples -> pelcrexamples -> pelcrexamples
USER TYPE Size: 64 bit
pelcrexamples
pelcrexamples -> pelcrexamples -> pelcrexamples
USER TYPE Size: 64 bit
(8) EVAL
pelcrexamples
pelcrexamples -> pelcrexamples -> pelcrexamples
USER TYPE Size: 64 bit
(14) EVAL
(4) EVAL
(7) EVAL
pelcrexamples
pelcrexamples -> pelcrexamples -> pelcrexamples
USER TYPE Size: 64 bit
pelcrexamples
pelcrexamples -> pelcrexamples -> pelcrexamples
USER TYPE Size: 64 bit
pelcrexamples
pelcrexamples -> pelcrexamples -> pelcrexamples
USER TYPE Size: 64 bit
(12) EVAL
pelcrexamples
pelcrexamples -> pelcrexamples -> pelcrexamples
USER TYPE Size: 64 bit
(10) EVAL
(11) EVAL
(13) EVAL
pelcrexamples
pelcrexamples -> pelcrexamples -> pelcrexamples
USER TYPE Size: 64 bit
pelcrexamples
pelcrexamples -> pelcrexamples -> pelcrexamples
USER TYPE Size: 64 bit
(3) EVAL
pelcrexamples
pelcrexamples -> pelcrexamples -> pelcrexamples
USER TYPE Size: 64 bit
PELCR (Parallel Environment for Lambda Calculus Optimal Reduction)
             C. Giuffrida, M. Pedicini, F. Quaglia 
                  IAC - CNR (Rome, 1996 - 2002)
(0) EVAL
(6) EVAL
(0) PELCR 10.0>  
(0) reading from file dd4.plcr
(0) filepointer [0x55d1b2eba1f0] to pelcrexamples/dd4.plcr
 PELCR 10.0> 
 PELCR 10.0> (0) number of cut-nodes:   1(0) number of cut-nodes:   2(0) number of cut-nodes:   3(0) number of cut-nodes:   4(0) number of cut-nodes:   5(0) number of cut-nodes:   6(0) number of cut-nodes:   7(0) number of cut-nodes:   8(0) sending initial graph termination signals (eot)
(0) initial network created
(0) n. of activated processes 16
(3) 2nd barrier - injecting the stream of actions corresponding to the parsed term
(3) idle loops set to 1000000000
(14) 2nd barrier - injecting the stream of actions corresponding to the parsed term
(1) 2nd barrier - injecting the stream of actions corresponding to the parsed term
(1) idle loops set to 1000000000
(13) 2nd barrier - injecting the stream of actions corresponding to the parsed term
(15) 2nd barrier - injecting the stream of actions corresponding to the parsed term
(2) 2nd barrier - injecting the stream of actions corresponding to the parsed term
(2) idle loops set to 1000000000
(6) 2nd barrier - injecting the stream of actions corresponding to the parsed term
(6) idle loops set to 1000000000
(5) 2nd barrier - injecting the stream of actions corresponding to the parsed term
(5) idle loops set to 1000000000
(4) 2nd barrier - injecting the stream of actions corresponding to the parsed term
(4) idle loops set to 1000000000
(7) 2nd barrier - injecting the stream of actions corresponding to the parsed term
(11) 2nd barrier - injecting the stream of actions corresponding to the parsed term
(10) 2nd barrier - injecting the stream of actions corresponding to the parsed term
(12) 2nd barrier - injecting the stream of actions corresponding to the parsed term
(8) 2nd barrier - injecting the stream of actions corresponding to the parsed term
(8) idle loops set to 1000000000
(9) 2nd barrier - injecting the stream of actions corresponding to the parsed term
(0) 2nd barrier - injecting the stream of actions corresponding to the parsed term
(9) idle loops set to 1000000000
(7) idle loops set to 1000000000
(10) idle loops set to 1000000000
(14) idle loops set to 1000000000
(13) idle loops set to 1000000000
(11) idle loops set to 1000000000
(12) idle loops set to 1000000000
(0) idle loops set to 1000000000
(0) 3rd barrier - starting the distributed computing engine
(0) running...
(3) 3rd barrier - starting the distributed computing engine
(3) running...
(10) 3rd barrier - starting the distributed computing engine
(10) running...
(1) 3rd barrier - starting the distributed computing engine
(1) running...
(14) 3rd barrier - starting the distributed computing engine
(14) running...
(15) idle loops set to 1000000000
(15) 3rd barrier - starting the distributed computing engine
(15) running...
(2) 3rd barrier - starting the distributed computing engine
(2) running...
(6) 3rd barrier - starting the distributed computing engine
(6) running...
(5) 3rd barrier - starting the distributed computing engine
(5) running...
(4) 3rd barrier - starting the distributed computing engine
(4) running...
(9) 3rd barrier - starting the distributed computing engine
(9) running...
(13) 3rd barrier - starting the distributed computing engine
(13) running...
(7) 3rd barrier - starting the distributed computing engine
(7) running...
(11) 3rd barrier - starting the distributed computing engine
(11) running...
(8) 3rd barrier - starting the distributed computing engine
(8) running...
(12) 3rd barrier - starting the distributed computing engine
(12) running...
