make all --print-data-base --no-builtin-variables --no-builtin-rules --question
# GNU Make 3.81
# Copyright (C) 2006  Free Software Foundation, Inc.
# This is free software; see the source for copying conditions.
# There is NO warranty; not even for MERCHANTABILITY or FITNESS FOR A
# PARTICULAR PURPOSE.

# This program built for i386-apple-darwin11.3.0
 

# Make data base, printed on Thu May 26 14:39:22 2022

# Variables

# automatic
<D = $(patsubst %/,%,$(dir $<))
# automatic
?F = $(notdir $?)
# environment
VSCODE_LOG_NATIVE = false
# automatic
?D = $(patsubst %/,%,$(dir $?))
# makefile (from `Makefile', line 25)
ARCHFLAGS = -g -fstrict-aliasing -mtune=x86-64
# automatic
@D = $(patsubst %/,%,$(dir $@))
# automatic
@F = $(notdir $@)
# makefile (from `Makefile', line 15)
PROFILING = $(PMPILIB)
# makefile
CURDIR := /Users/marco/marco.live/PROGRAMS/ALL-PELCR/GITHUB-current
# makefile
SHELL = /bin/sh
# environment
 
VSCODE_NLS_CONFIG = {"locale":"en-gb","availableLanguages":{},"_languagePackSupport":true}
# environment
_ = /usr/bin/make
# makefile (from `Makefile', line 37)
CFLAGS = $(OPTFLAGS) $(ARCHFLAGS)
# makefile (from `Makefile', line 13)
CCC = $(MPIR_HOME)/bin/mpiCC
# makefile (from `Makefile', line 1)
MAKEFILE_LIST :=  Makefile
# makefile (from `Makefile', line 43)
EXECS = combustion.mac
# makefile (from `Makefile', line 5)
TESTFILE = "dd4.plcr"
# environment
VSCODE_VERBOSE_LOGGING = true
# environment
__CFBundleIdentifier = com.microsoft.VSCode
# environment
VSCODE_IPC_HOOK_EXTHOST = /var/folders/2z/whkzmvnn3hqd2xpfxkzvkrxm0000gn/T/vscode-ipc-a71db68d-10d3-499d-9922-9f8abd6bb2ca.sock
# makefile (from `Makefile', line 14)
CCLINKER = $(CCC)
# environment
VSCODE_CWD = /
# makefile (from `Makefile', line 48)
LIB_LIST = -ldl -lm -ll -lc
# environment
PATH = /usr/local/bin:/usr/bin:/bin:/usr/sbin:/sbin:/Library/TeX/texbin:/usr/local/go/bin:/opt/X11/bin:/Library/Apple/usr/bin:/Users/marco/Library/Python/3.8/bin
# makefile (from `Makefile', line 32)
YACC = bison
# makefile (from `Makefile', line 39)
FFLAGS = $(OPTFLAGS)
# makefile (from `Makefile', line 46)
RUNTEST = $(RUN1)|$(RUN)
# environment
LaunchInstanceID = B9893D51-6855-444A-8568-309B13A65233
# environment
VSCODE_LOG_STACK = false
# environment
ELECTRON_RUN_AS_NODE = 1
# default
.FEATURES := target-specific order-only second-expansion else-if archives jobserver check-symlink
# environment
SSH_AUTH_SOCK = /private/tmp/com.apple.launchd.G8TQpM6uPz/Listeners
# automatic
%F = $(notdir $%)
# environment
DISPLAY = /private/tmp/com.apple.launchd.YCpKhwUN90/org.xquartz:0
# environment
VSCODE_PIPE_LOGGING = true
# environment
PWD = /Users/marco/marco.live/PROGRAMS/ALL-PELCR/GITHUB-current
# environment
ORIGINAL_XDG_CURRENT_DESKTOP = undefined
# environment
VSCODE_AMD_ENTRYPOINT = vs/workbench/api/node/extensionHostProcess
# environment
HOME = /Users/marco
# makefile (from `Makefile', line 21)
OPTFLAGS = -D_DEBUG -DUSERTYPE=$(BASETYPE) -I $(COMPILINGRDIR)h -I .
# makefile (from `Makefile', line 4)
PEXDIR = pelcrexamples
# default
MAKEFILEPATH := /Applications/Xcode.app/Contents/Developer/Makefiles
# environment
VSCODE_CODE_CACHE_PATH = /Users/marco/Library/Application Support/Code/CachedData/c3511e6c69bb39013c4a4b7b9566ec1ca73fc4d5
# environment
LOGNAME = marco
# environment
APPLICATION_INSIGHTS_NO_DIAGNOSTIC_CHANNEL = 1
# environment
VSCODE_HANDLES_UNCAUGHT_ERRORS = true
# automatic
^D = $(patsubst %/,%,$(dir $^))
# environment
XPC_FLAGS = 0x0
# default
MAKE = $(MAKE_COMMAND)
# default
MAKECMDGOALS := all
# makefile (from `Makefile', line 42)
SRCS = lex.yy.c y.tab.c $(COMPILINGRDIR)read_back.c $(COMPILINGRDIR)dvm.c  $(COMPILINGRDIR)io.c $(COMPILINGRDIR)graph.c $(COMPILINGRDIR)symbolic.c $(COMPILINGRDIR)distribution.c $(COMPILINGRDIR)print.c $(COMPILINGRDIR)main.c $(COMPILINGRDIR)buildgraph.c $(COMPILINGRDIR)combustion.c
# environment
SHLVL = 1
# makefile (from `Makefile', line 9)
MPIR_HOME = /usr/local
# makefile (from `Makefile', line 10)
CC = $(MPIR_HOME)/bin/mpicc
# default
MAKE_VERSION := 3.81
# environment
USER = marco
# makefile
.DEFAULT_GOAL := ALL
# makefile (from `Makefile', line 38)
CCFLAGS = $(CFLAGS)
# makefile (from `Makefile', line 45)
RUN = $(MPIR_HOME)/bin/mpirun -np $(NP) $(EXECS) -- -I ciccio -loop 10000000 -o GML/prova -v -t
# automatic
%D = $(patsubst %/,%,$(dir $%))
# makefile (from `Makefile', line 11)
CCP = $(MPIR_HOME)/bin/mpiCC
# default
MAKE_COMMAND := /Applications/Xcode.app/Contents/Developer/usr/bin/make
# default
.VARIABLES := 
# environment
TMPDIR = /var/folders/2z/whkzmvnn3hqd2xpfxkzvkrxm0000gn/T/
# automatic
*F = $(notdir $*)
# environment
VSCODE_IPC_HOOK = /Users/marco/Library/Application Support/Code/1.67.2-main.sock
# makefile (from `Makefile', line 31)
LEX = flex
# makefile (from `Makefile', line 36)
OSFLAGS = 
# makefile (from `Makefile', line 6)
ARCH = LINUX
# makefile
MAKEFLAGS = Rrqp
# makefile (from `Makefile', line 47)
LIB_PATH = 
# environment
MFLAGS = -Rrqp
# automatic
*D = $(patsubst %/,%,$(dir $*))
# environment
XPC_SERVICE_NAME = application.com.microsoft.VSCode.70215207.70215213
# automatic
+D = $(patsubst %/,%,$(dir $+))
# makefile (from `Makefile', line 19)
COMPILINGRDIR = ./
# makefile (from `Makefile', line 12)
CLINKER = $(CC)
# automatic
 
+F = $(notdir $+)
# makefile (from `Makefile', line 44)
RUN1 = echo "#setdir \"$(PEXDIR)\" ; #open \"$(TESTFILE)\""
# environment
__CF_USER_TEXT_ENCODING = 0x1F5:0x0:0x0
# environment
COMMAND_MODE = unix2003
# default
MAKEFILES := 
# automatic
<F = $(notdir $<)
# environment
LC_ALL = C
# environment
SECURITYSESSIONID = 186a6
# automatic
^F = $(notdir $^)
# default
SUFFIXES := 
# default
.INCLUDE_DIRS = /usr/local/include
# environment
MAKELEVEL := 0
# makefile (from `Makefile', line 40)
OBJECTS = y.tab.o lex.yy.o read_back.o dvm.o io.o graph.o symbolic.o distribution.o print.o main.o buildgraph.o combustion.o
# makefile (from `Makefile', line 7)
BASETYPE = 'long long'
# environment
LANG = C
# environment
VSCODE_PID = 525
# variable set hash-table stats:
# Load=93/1024=9%, Rehash=0, Collisions=3/139=2%

# Pattern-specific Variable Values

# No pattern-specific variable values.

# Directories

# . (device 16777224, inode 70688185): 28 files, no impossibilities.

# 28 files, no impossibilities in 1 directories.

# Implicit Rules

# No implicit rules.

# Files

# Not a target:
read_back.c:
#  Implicit rule search has not been done.
#  Modification time never checked.
#  File has not been updated.

mac:
#  Implicit rule search has not been done.
#  Modification time never checked.
#  File has not been updated.
#  commands to execute (from `Makefile', line 115):
	rm Makefile
	ln -s Makefile.mac Makefile
	make all
	

ALL: default
#  Implicit rule search has not been done.
#  Modification time never checked.
#  File has not been updated.

objects: lex.yy.c y.tab.c read_back.c dvm.c io.c graph.c symbolic.c distribution.c print.c main.c buildgraph.c combustion.c
#  Implicit rule search has not been done.
#  File does not exist.
#  File has been updated.
#  Needs to be updated (-q is set).
# variable set hash-table stats:
# Load=0/32=0%, Rehash=0, Collisions=0/4=0%
#  commands to execute (from `Makefile', line 61):
	$(CC) $(CFLAGS) $(OSFLAGS) -c $(SRCS)
	

all: default
#  Command-line target.
#  Implicit rule search has been done.
#  File does not exist.
#  File has been updated.
#  Needs to be updated (-q is set).
# variable set hash-table stats:
# Load=0/32=0%, Rehash=0, Collisions=0/4=0%

# Not a target:
rm:
#  Implicit rule search has not been done.
#  Modification time never checked.
#  File has not been updated.

go:
#  Implicit rule search has not been done.
#  Modification time never checked.
#  File has not been updated.
# makefile (from `Makefile', line 66)
# NP = 1
# variable set hash-table stats:
# Load=1/32=3%, Rehash=0, Collisions=0/1=0%
#  commands to execute (from `Makefile', line 68):
	$(RUN)
	

gcombustion: objects y.tab.c
#  Implicit rule search has not been done.
#  File does not exist.
#  File has been updated.
#  Needs to be updated (-q is set).
# variable set hash-table stats:
# Load=0/32=0%, Rehash=0, Collisions=0/4=0%
#  commands to execute (from `Makefile', line 64):
	$(CLINKER) $(ARCHFLAGS) $(OPTFLAGS) $(OSFLAG) -o $(EXECS) $(OBJECTS) $(LIB_PATH) $(LIB_LIST)
	

# Not a target:
les.fl:
#  Implicit rule search has been done.
#  Last modified 2022-05-26 11:19:57
#  File has been updated.
#  Successfully updated.
# variable set hash-table stats:
 
# Load=0/32=0%, Rehash=0, Collisions=0/0=0%

test4:
#  Implicit rule search has not been done.
#  Modification time never checked.
#  File has not been updated.
# makefile (from `Makefile', line 82)
# NP = 4
# variable set hash-table stats:
# Load=1/32=3%, Rehash=0, Collisions=0/1=0%
#  commands to execute (from `Makefile', line 84):
	$(RUNTEST)	
	

# Not a target:
main.c:
#  Implicit rule search has not been done.
#  Modification time never checked.
#  File has not been updated.

# Not a target:
graph.c:
#  Implicit rule search has not been done.
#  Modification time never checked.
#  File has not been updated.

# Not a target:
symbolic.c:
#  Implicit rule search has not been done.
#  Modification time never checked.
#  File has not been updated.

sp: rm Makefile
#  Implicit rule search has not been done.
#  Modification time never checked.
#  File has not been updated.
#  commands to execute (from `Makefile', line 91):
	ln -s Makefile.sp Makefile
	make all
	

capital:
#  Implicit rule search has not been done.
#  Modification time never checked.
#  File has not been updated.
#  commands to execute (from `Makefile', line 100):
	rm Makefile
	ln -s Makefile.capital Makefile
	make all
	

# Not a target:
.SUFFIXES:
#  Implicit rule search has not been done.
#  Modification time never checked.
#  File has not been updated.

# Not a target:
Makefile:
#  Implicit rule search has been done.
#  Last modified 2022-05-26 11:19:57
#  File has been updated.
#  Successfully updated.
# variable set hash-table stats:
# Load=0/32=0%, Rehash=0, Collisions=0/0=0%

test:
#  Implicit rule search has not been done.
#  Modification time never checked.
#  File has not been updated.
# makefile (from `Makefile', line 74)
# NP = 1
# variable set hash-table stats:
# Load=1/32=3%, Rehash=0, Collisions=0/1=0%
#  commands to execute (from `Makefile', line 76):
	$(RUNTEST)
	

mac2:
#  Implicit rule search has not been done.
#  Modification time never checked.
#  File has not been updated.
#  commands to execute (from `Makefile', line 120):
	rm Makefile
	ln -s Makefile.mac2 Makefile
	make all
	

# Not a target:
io.c:
#  Implicit rule search has not been done.
#  Modification time never checked.
#  File has not been updated.

ultra:
#  Implicit rule search has not been done.
#  Modification time never checked.
#  File has not been updated.
#  commands to execute (from `Makefile', line 95):
	rm Makefile
	ln -s Makefile.ultra Makefile
	make all
	

default: gcombustion
#  Implicit rule search has been done.
#  File does not exist.
#  File has been updated.
#  Needs to be updated (-q is set).
# variable set hash-table stats:
# Load=0/32=0%, Rehash=0, Collisions=0/4=0%

go2:
#  Implicit rule search has not been done.
#  Modification time never checked.
#  File has not been updated.
# makefile (from `Makefile', line 70)
# NP = 2
# variable set hash-table stats:
# Load=1/32=3%, Rehash=0, Collisions=0/1=0%
#  commands to execute (from `Makefile', line 72):
	$(RUN)
	

home: gcombustion
#  Implicit rule search has not been done.
#  Modification time never checked.
#  File has not been updated.

lex.yy.c: les.fl
#  Implicit rule search has not been done.
#  Implicit/static pattern stem: `'
#  File does not exist.
#  File has been updated.
#  Needs to be updated (-q is set).
# automatic
# @ := lex.yy.c
# automatic
# % := 
# automatic
# * := 
# automatic
# + := les.fl
# automatic
# | := 
# automatic
 
# < := les.fl
# automatic
# ^ := les.fl
# automatic
# ? := les.fl
# variable set hash-table stats:
# Load=8/32=25%, Rehash=0, Collisions=2/12=17%
#  commands to execute (from `Makefile', line 55):
	$(LEX) $(COMPILINGRDIR)les.fl
	

# Not a target:
.DEFAULT:
#  Implicit rule search has not been done.
#  Modification time never checked.
#  File has not been updated.

# Not a target:
parser.y:
#  Implicit rule search has not been done.
#  Modification time never checked.
#  File has not been updated.

# Not a target:
print.c:
#  Implicit rule search has not been done.
#  Modification time never checked.
#  File has not been updated.

# Not a target:
combustion.c:
#  Implicit rule search has not been done.
#  Modification time never checked.
#  File has not been updated.

clean:
#  Implicit rule search has not been done.
#  Modification time never checked.
#  File has not been updated.
#  commands to execute (from `Makefile', line 87):
	/bin/rm -f y.output y.tab.h y.tab.c lex.yy.c *.o run.*.log core combustion combustion.home combustion.ultra combustion.linux combustion.capital combustion.mac *.log combustion*.tex *.idx *.aux *.scn combustion*.dvi *.toc *~ DAT/*.* GML/* h/*~ ./Crypto/*.o ./Crypto/*.so *.so
	

# Not a target:
dvm.c:
#  Implicit rule search has not been done.
#  Modification time never checked.
#  File has not been updated.

test2:
#  Implicit rule search has not been done.
#  Modification time never checked.
#  File has not been updated.
# makefile (from `Makefile', line 78)
# NP = 2
# variable set hash-table stats:
# Load=1/32=3%, Rehash=0, Collisions=0/1=0%
#  commands to execute (from `Makefile', line 80):
	$(RUNTEST)
	

y.tab.c: parser.y
#  Implicit rule search has not been done.
#  Modification time never checked.
#  File has not been updated.
#  commands to execute (from `Makefile', line 58):
	$(YACC) -d -v $(COMPILINGRDIR)parser.y -b y
	

linux:
#  Implicit rule search has not been done.
#  Modification time never checked.
#  File has not been updated.
#  commands to execute (from `Makefile', line 110):
	rm Makefile
	ln -s Makefile.linux Makefile
	make all
	

# Not a target:
distribution.c:
#  Implicit rule search has not been done.
#  Modification time never checked.
#  File has not been updated.

parsifal:
#  Implicit rule search has not been done.
#  Modification time never checked.
#  File has not been updated.
#  commands to execute (from `Makefile', line 105):
	rm Makefile
	ln -s Makefile.parsifal Makefile
	make all
	

# Not a target:
buildgraph.c:
#  Implicit rule search has not been done.
#  Modification time never checked.
#  File has not been updated.

# files hash-table stats:
# Load=37/1024=4%, Rehash=0, Collisions=4/83=5%
# VPATH Search Paths

# No `vpath' search paths.

# No general (`VPATH' variable) search path.

# # of strings in strcache: 1
# # of strcache buffers: 1
# strcache size: total = 4096 / max = 4096 / min = 4096 / avg = 4096
# strcache free: total = 4087 / max = 4087 / min = 4087 / avg = 4087

# Finished Make data base on Thu May 26 14:39:22 2022

 
